<?xml version="1.0" ?>
<testsuite errors="0" failures="0" name="Mass_Test-20151215011507" tests="1" time="0.002">
	<testcase classname="Mass_Test" name="test_submit_dir_test" time="0.002"/>
	<system-out>
<![CDATA[Sample Id: 6
ERROR: 'MAG2HOST'
]]>	</system-out>
	<system-err>
<![CDATA[]]>	</system-err>
</testsuite>
